<?xml version="1.0" encoding="UTF-8"?>
<!-- Generated by org.testng.reporters.JUnitReportReporter -->
<testsuite hostname="USPF48JR3N" failures="0" tests="1" name="learn.GetTools" time="1.304" errors="0" timestamp="2023-10-27T19:21:48 EDT" skipped="0">
  <testcase classname="learn.GetTools" name="crudOnOrder" time="1.304"/>
</testsuite> <!-- learn.GetTools -->
